[debug] > Exec(early(addDefaultCommands), None, None)
[debug] > Exec(addDefaultCommands, None, None)
[debug] > Exec(early(initialize), None, None)
[debug] > Exec(initialize, None, None)
[debug] > Exec(boot, None, None)
[debug] > Exec(writeSbtVersion, None, None)
[debug] > Exec(reload, None, None)
[debug] > Exec(sbtStashOnFailure, None, None)
[debug] > Exec(onFailure loadFailed, None, None)
[debug] > Exec(loadp, None, None)
[info] welcome to sbt 1.10.1 (Eclipse Adoptium Java 23)
[debug] Load.defaultLoad until apply took 447.9222ms
[debug]           Load.loadUnit: plugins took 181.7141ms
[debug]           Load.loadUnit: defsScala took 0.7287ms
[debug] [Loading] Scanning directory C:\ArthurWorkSpace\UniversityDataStructure\project
[debug] [Loading] Found non-root projects 
[debug] [Loading] Done in C:\ArthurWorkSpace\UniversityDataStructure\project, returning: ()
[debug] deducing auto plugins based on known facts Set(Atom(sbt.plugins.CorePlugin)) and clauses Clauses(Clause(Atom(sbt.plugins.JvmPlugin),Set(Atom(sbt.plugins.IvyPlugin)))
[debug] Clause(Atom(sbt.ScriptedPlugin),Set(Atom(sbt.plugins.JvmPlugin)))
[debug] Clause(Atom(sbt.plugins.SbtPlugin),Set(Atom(sbt.ScriptedPlugin)))
[debug] Clause(Atom(sbt.plugins.SemanticdbPlugin),Set(Atom(sbt.plugins.JvmPlugin)))
[debug] Clause(Atom(sbt.plugins.JUnitXmlReportPlugin),Set(Atom(sbt.plugins.JvmPlugin)))
[debug] Clause(Atom(sbt.plugins.MiniDependencyTreePlugin),Set(Atom(sbt.plugins.JvmPlugin)))
[debug] Clause(Atom(sbt.plugins.CorePlugin),Set(Atom(sbt.plugins.IvyPlugin)))
[debug] Clause(Atom(sbt.plugins.IvyPlugin),Set(Atom(sbt.plugins.JvmPlugin)))
[debug] Clause(Atom(sbt.plugins.JvmPlugin),Set(Atom(sbt.plugins.SemanticdbPlugin)))
[debug] Clause(Atom(sbt.plugins.JvmPlugin),Set(Atom(sbt.plugins.JUnitXmlReportPlugin)))
[debug] Clause(Atom(sbt.plugins.CorePlugin),Set(Atom(sbt.plugins.Giter8TemplatePlugin)))
[debug] Clause(Atom(sbt.plugins.JvmPlugin),Set(Atom(sbt.plugins.MiniDependencyTreePlugin))))
[debug]   :: deduced result: Matched(sbt.plugins.CorePlugin,sbt.plugins.Giter8TemplatePlugin,sbt.plugins.IvyPlugin,sbt.plugins.JvmPlugin,sbt.plugins.MiniDependencyTreePlugin,sbt.plugins.JUnitXmlReportPlugin,sbt.plugins.SemanticdbPlugin)
[debug] Plugins.deducer#function took 19.6983 ms
[debug]               Load.resolveProject(universitydatastructure-build) took 92.6963ms
[debug]             Load.loadTransitive: finalizeProject(Project(id universitydatastructure-build, base: C:\ArthurWorkSpace\UniversityDataStructure\project, plugins: List(<none>))) took 135.2662ms
[debug] [Loading] Done in C:\ArthurWorkSpace\UniversityDataStructure\project, returning: (universitydatastructure-build)
[debug]           Load.loadUnit: loadedProjectsRaw took 160.1671ms
[debug]           Load.loadUnit: cleanEvalClasses took 0.2704ms
[debug]         Load.loadUnit(file:/C:/ArthurWorkSpace/UniversityDataStructure/project/, ...) took 350.6758ms
[debug]       Load.apply: load took 588.7989ms
[debug]       Load.apply: resolveProjects took 9.4208ms
[debug]       Load.apply: finalTransforms took 108.0778ms
[debug]       Load.apply: config.delegates took 36.1741ms
[debug]       Load.apply: Def.make(settings)... took 1331.7119ms
[debug]       Load.apply: structureIndex took 269.4201ms
[debug]       Load.apply: mkStreams took 5.8975ms
[info] loading project definition from C:\ArthurWorkSpace\UniversityDataStructure\project
[debug] Running task... Cancel: Signal, check cycles: false, forcegc: true
[debug]     Load.loadUnit: plugins took 3971.7712ms
[debug]     Load.loadUnit: defsScala took 0.0042ms
[debug] [Loading] Scanning directory C:\ArthurWorkSpace\UniversityDataStructure
[debug]       Load.loadUnit: mkEval took 5.1736ms
[debug] [Loading] Found root project root w/ remaining 
[debug] deducing auto plugins based on known facts Set(Atom(sbt.plugins.CorePlugin)) and clauses Clauses(Clause(Atom(sbt.plugins.JvmPlugin),Set(Atom(sbt.plugins.IvyPlugin)))
[debug] Clause(Atom(sbt.ScriptedPlugin),Set(Atom(sbt.plugins.JvmPlugin)))
[debug] Clause(Atom(sbt.plugins.SbtPlugin),Set(Atom(sbt.ScriptedPlugin)))
[debug] Clause(Atom(sbt.plugins.SemanticdbPlugin),Set(Atom(sbt.plugins.JvmPlugin)))
[debug] Clause(Atom(sbt.plugins.JUnitXmlReportPlugin),Set(Atom(sbt.plugins.JvmPlugin)))
[debug] Clause(Atom(sbt.plugins.MiniDependencyTreePlugin),Set(Atom(sbt.plugins.JvmPlugin)))
[debug] Clause(Atom(sbt.plugins.CorePlugin),Set(Atom(sbt.plugins.IvyPlugin)))
[debug] Clause(Atom(sbt.plugins.IvyPlugin),Set(Atom(sbt.plugins.JvmPlugin)))
[debug] Clause(Atom(sbt.plugins.JvmPlugin),Set(Atom(sbt.plugins.SemanticdbPlugin)))
[debug] Clause(Atom(sbt.plugins.JvmPlugin),Set(Atom(sbt.plugins.JUnitXmlReportPlugin)))
[debug] Clause(Atom(sbt.plugins.CorePlugin),Set(Atom(sbt.plugins.Giter8TemplatePlugin)))
[debug] Clause(Atom(sbt.plugins.JvmPlugin),Set(Atom(sbt.plugins.MiniDependencyTreePlugin))))
[debug]   :: deduced result: Matched(sbt.plugins.CorePlugin,sbt.plugins.Giter8TemplatePlugin,sbt.plugins.IvyPlugin,sbt.plugins.JvmPlugin,sbt.plugins.MiniDependencyTreePlugin,sbt.plugins.JUnitXmlReportPlugin,sbt.plugins.SemanticdbPlugin)
[debug] Plugins.deducer#function took 2.1981 ms
[info] loading settings for project root from build.sbt ...
[debug]         Load.resolveProject(root) took 3.7189ms
[debug]       Load.loadTransitive: finalizeProject(Project(id root, base: C:\ArthurWorkSpace\UniversityDataStructure, plugins: List(<none>))) took 7.1622ms
[debug] [Loading] Done in C:\ArthurWorkSpace\UniversityDataStructure, returning: (root)
[debug]     Load.loadUnit: loadedProjectsRaw took 4521.3584ms
[debug]     Load.loadUnit: cleanEvalClasses took 14.4964ms
[debug]   Load.loadUnit(file:/C:/ArthurWorkSpace/UniversityDataStructure/, ...) took 8509.1575ms
[debug] Load.apply: load took 8574.3827ms
[debug] Load.apply: resolveProjects took 0.1173ms
[debug] Load.apply: finalTransforms took 9.5591ms
[debug] Load.apply: config.delegates took 0.4ms
[debug] Load.apply: Def.make(settings)... took 81.3921ms
[debug] Load.apply: structureIndex took 27.7191ms
[debug] Load.apply: mkStreams took 0.0026ms
[info] set current project to PListProject (in build file:/C:/ArthurWorkSpace/UniversityDataStructure/)
[debug] > Exec(sbtPopOnFailure, None, None)
[debug] > Exec(resumeFromFailure, None, None)
[debug] > Exec(notifyUsersAboutShell, None, None)
[debug] > Exec(iflast shell, None, None)
[debug] > Exec(shell, None, None)
[info] sbt server started at local:sbt-server-4c7a2cb2dc8dbee23e68
[debug] Writing bsp connection file
[info] started sbt server
